[2025-02-26T01:35:02.041+0000] {local_task_job_runner.py:123} INFO - ::group::Pre task execution logs
[2025-02-26T01:35:02.048+0000] {taskinstance.py:2613} INFO - Dependencies all met for dep_context=non-requeueable deps ti=<TaskInstance: etl_climate.extract_data manual__2025-02-26T01:34:58.880508+00:00 [queued]>
[2025-02-26T01:35:02.051+0000] {taskinstance.py:2613} INFO - Dependencies all met for dep_context=requeueable deps ti=<TaskInstance: etl_climate.extract_data manual__2025-02-26T01:34:58.880508+00:00 [queued]>
[2025-02-26T01:35:02.052+0000] {taskinstance.py:2866} INFO - Starting attempt 1 of 2
[2025-02-26T01:35:02.060+0000] {taskinstance.py:2889} INFO - Executing <Task(DockerOperator): extract_data> on 2025-02-26 01:34:58.880508+00:00
[2025-02-26T01:35:02.065+0000] {standard_task_runner.py:72} INFO - Started process 6256 to run task
[2025-02-26T01:35:02.071+0000] {standard_task_runner.py:104} INFO - Running: ['airflow', 'tasks', 'run', 'etl_climate', 'extract_data', 'manual__2025-02-26T01:34:58.880508+00:00', '--job-id', '78', '--raw', '--subdir', 'DAGS_FOLDER/climate_extract_dag.py', '--cfg-path', '/tmp/tmplzo3s7s9']
[2025-02-26T01:35:02.080+0000] {standard_task_runner.py:105} INFO - Job 78: Subtask extract_data
[2025-02-26T01:35:02.170+0000] {task_command.py:467} INFO - Running <TaskInstance: etl_climate.extract_data manual__2025-02-26T01:34:58.880508+00:00 [running]> on host a5a513c5bb31
[2025-02-26T01:35:02.257+0000] {taskinstance.py:3132} INFO - Exporting env vars: AIRFLOW_CTX_DAG_OWNER='airflow' AIRFLOW_CTX_DAG_ID='etl_climate' AIRFLOW_CTX_TASK_ID='extract_data' AIRFLOW_CTX_EXECUTION_DATE='2025-02-26T01:34:58.880508+00:00' AIRFLOW_CTX_TRY_NUMBER='1' AIRFLOW_CTX_DAG_RUN_ID='manual__2025-02-26T01:34:58.880508+00:00'
[2025-02-26T01:35:02.259+0000] {taskinstance.py:731} INFO - ::endgroup::
[2025-02-26T01:35:02.322+0000] {docker.py:379} INFO - Starting docker container from image dbt_docker_image
[2025-02-26T01:35:05.300+0000] {docker.py:73} INFO - [0m01:35:05  Running with dbt=1.9.2
[2025-02-26T01:35:05.543+0000] {docker.py:73} INFO - [0m01:35:05  Registered adapter: duckdb=1.9.1
[2025-02-26T01:35:05.596+0000] {docker.py:73} INFO - [0m01:35:05  Unable to do partial parsing because saved manifest not found. Starting full parse.
[2025-02-26T01:35:06.701+0000] {docker.py:73} INFO - [0m01:35:06  Found 1 model, 1 seed, 19 data tests, 424 macros
[2025-02-26T01:35:06.702+0000] {docker.py:73} INFO - [0m01:35:06
[2025-02-26T01:35:06.703+0000] {docker.py:73} INFO - [0m01:35:06  Concurrency: 1 threads (target='dev')
[2025-02-26T01:35:06.703+0000] {docker.py:73} INFO - [0m01:35:06
[2025-02-26T01:35:09.029+0000] {docker.py:73} INFO - [0m01:35:09  1 of 1 START sql table model main.open_meteo_raw_data .......................... [RUN]
[2025-02-26T01:35:36.941+0000] {docker.py:73} INFO - [0m01:35:36  1 of 1 OK created sql table model main.open_meteo_raw_data ..................... [[32mOK[0m in 27.91s]
[2025-02-26T01:35:36.983+0000] {docker.py:73} INFO - [0m01:35:36
[2025-02-26T01:35:36.983+0000] {docker.py:73} INFO - [0m01:35:36  Finished running 1 table model in 0 hours 0 minutes and 30.28 seconds (30.28s).
[2025-02-26T01:35:37.052+0000] {docker.py:73} INFO - [0m01:35:37
[2025-02-26T01:35:37.052+0000] {docker.py:73} INFO - [0m01:35:37  [32mCompleted successfully[0m
[2025-02-26T01:35:37.053+0000] {docker.py:73} INFO - [0m01:35:37
[2025-02-26T01:35:37.053+0000] {docker.py:73} INFO - [0m01:35:37  Done. PASS=1 WARN=0 ERROR=0 SKIP=0 TOTAL=1
[2025-02-26T01:35:37.661+0000] {taskinstance.py:340} INFO - ::group::Post task execution logs
[2025-02-26T01:35:37.661+0000] {taskinstance.py:352} INFO - Marking task as SUCCESS. dag_id=etl_climate, task_id=extract_data, run_id=manual__2025-02-26T01:34:58.880508+00:00, execution_date=20250226T013458, start_date=20250226T013502, end_date=20250226T013537
[2025-02-26T01:35:37.715+0000] {local_task_job_runner.py:266} INFO - Task exited with return code 0
[2025-02-26T01:35:37.727+0000] {taskinstance.py:3895} INFO - 1 downstream tasks scheduled from follow-on schedule check
[2025-02-26T01:35:37.729+0000] {local_task_job_runner.py:245} INFO - ::endgroup::
