[2025-02-26T00:09:51.540+0000] {local_task_job_runner.py:123} INFO - ::group::Pre task execution logs
[2025-02-26T00:09:51.546+0000] {taskinstance.py:2613} INFO - Dependencies all met for dep_context=non-requeueable deps ti=<TaskInstance: etl_climate.extract_data scheduled__2025-02-25T00:00:00+00:00 [queued]>
[2025-02-26T00:09:51.549+0000] {taskinstance.py:2613} INFO - Dependencies all met for dep_context=requeueable deps ti=<TaskInstance: etl_climate.extract_data scheduled__2025-02-25T00:00:00+00:00 [queued]>
[2025-02-26T00:09:51.549+0000] {taskinstance.py:2866} INFO - Starting attempt 1 of 2
[2025-02-26T00:09:51.556+0000] {taskinstance.py:2889} INFO - Executing <Task(DockerOperator): extract_data> on 2025-02-25 00:00:00+00:00
[2025-02-26T00:09:51.559+0000] {standard_task_runner.py:72} INFO - Started process 5908 to run task
[2025-02-26T00:09:51.562+0000] {standard_task_runner.py:104} INFO - Running: ['airflow', 'tasks', 'run', 'etl_climate', 'extract_data', 'scheduled__2025-02-25T00:00:00+00:00', '--job-id', '76', '--raw', '--subdir', 'DAGS_FOLDER/climate_extract_dag.py', '--cfg-path', '/tmp/tmph6awcp51']
[2025-02-26T00:09:51.564+0000] {standard_task_runner.py:105} INFO - Job 76: Subtask extract_data
[2025-02-26T00:09:51.589+0000] {task_command.py:467} INFO - Running <TaskInstance: etl_climate.extract_data scheduled__2025-02-25T00:00:00+00:00 [running]> on host a5a513c5bb31
[2025-02-26T00:09:51.636+0000] {taskinstance.py:3132} INFO - Exporting env vars: AIRFLOW_CTX_DAG_OWNER='airflow' AIRFLOW_CTX_DAG_ID='etl_climate' AIRFLOW_CTX_TASK_ID='extract_data' AIRFLOW_CTX_EXECUTION_DATE='2025-02-25T00:00:00+00:00' AIRFLOW_CTX_TRY_NUMBER='1' AIRFLOW_CTX_DAG_RUN_ID='scheduled__2025-02-25T00:00:00+00:00'
[2025-02-26T00:09:51.636+0000] {taskinstance.py:731} INFO - ::endgroup::
[2025-02-26T00:09:51.669+0000] {docker.py:379} INFO - Starting docker container from image dbt_docker_image
[2025-02-26T00:09:54.345+0000] {docker.py:73} INFO - [0m00:09:54  Running with dbt=1.9.2
[2025-02-26T00:09:54.595+0000] {docker.py:73} INFO - [0m00:09:54  Registered adapter: duckdb=1.9.1
[2025-02-26T00:09:54.649+0000] {docker.py:73} INFO - [0m00:09:54  Unable to do partial parsing because saved manifest not found. Starting full parse.
[2025-02-26T00:09:55.691+0000] {docker.py:73} INFO - [0m00:09:55  Found 1 model, 1 seed, 19 data tests, 424 macros
[2025-02-26T00:09:55.693+0000] {docker.py:73} INFO - [0m00:09:55
[2025-02-26T00:09:55.693+0000] {docker.py:73} INFO - [0m00:09:55  Concurrency: 1 threads (target='dev')
[2025-02-26T00:09:55.693+0000] {docker.py:73} INFO - [0m00:09:55
[2025-02-26T00:09:57.774+0000] {docker.py:73} INFO - [0m00:09:57  1 of 1 START sql table model main.open_meteo_raw_data .......................... [RUN]
[2025-02-26T00:10:27.361+0000] {docker.py:73} INFO - [0m00:10:27  1 of 1 OK created sql table model main.open_meteo_raw_data ..................... [[32mOK[0m in 29.58s]
[2025-02-26T00:10:27.398+0000] {docker.py:73} INFO - [0m00:10:27
[2025-02-26T00:10:27.399+0000] {docker.py:73} INFO - [0m00:10:27  Finished running 1 table model in 0 hours 0 minutes and 31.70 seconds (31.70s).
[2025-02-26T00:10:27.461+0000] {docker.py:73} INFO - [0m00:10:27
[2025-02-26T00:10:27.461+0000] {docker.py:73} INFO - [0m00:10:27  [32mCompleted successfully[0m
[2025-02-26T00:10:27.462+0000] {docker.py:73} INFO - [0m00:10:27
[2025-02-26T00:10:27.462+0000] {docker.py:73} INFO - [0m00:10:27  Done. PASS=1 WARN=0 ERROR=0 SKIP=0 TOTAL=1
[2025-02-26T00:10:28.011+0000] {taskinstance.py:340} INFO - ::group::Post task execution logs
[2025-02-26T00:10:28.012+0000] {taskinstance.py:352} INFO - Marking task as SUCCESS. dag_id=etl_climate, task_id=extract_data, run_id=scheduled__2025-02-25T00:00:00+00:00, execution_date=20250225T000000, start_date=20250226T000951, end_date=20250226T001028
[2025-02-26T00:10:28.040+0000] {local_task_job_runner.py:266} INFO - Task exited with return code 0
[2025-02-26T00:10:28.050+0000] {taskinstance.py:3895} INFO - 1 downstream tasks scheduled from follow-on schedule check
[2025-02-26T00:10:28.051+0000] {local_task_job_runner.py:245} INFO - ::endgroup::
