[2025-02-24T00:00:03.059+0000] {local_task_job_runner.py:123} INFO - ::group::Pre task execution logs
[2025-02-24T00:00:03.064+0000] {taskinstance.py:2613} INFO - Dependencies all met for dep_context=non-requeueable deps ti=<TaskInstance: etl_climate.extract_data scheduled__2025-02-23T00:00:00+00:00 [queued]>
[2025-02-24T00:00:03.068+0000] {taskinstance.py:2613} INFO - Dependencies all met for dep_context=requeueable deps ti=<TaskInstance: etl_climate.extract_data scheduled__2025-02-23T00:00:00+00:00 [queued]>
[2025-02-24T00:00:03.068+0000] {taskinstance.py:2866} INFO - Starting attempt 1 of 2
[2025-02-24T00:00:03.076+0000] {taskinstance.py:2889} INFO - Executing <Task(DockerOperator): extract_data> on 2025-02-23 00:00:00+00:00
[2025-02-24T00:00:03.078+0000] {standard_task_runner.py:72} INFO - Started process 1523 to run task
[2025-02-24T00:00:03.081+0000] {standard_task_runner.py:104} INFO - Running: ['airflow', 'tasks', 'run', 'etl_climate', 'extract_data', 'scheduled__2025-02-23T00:00:00+00:00', '--job-id', '72', '--raw', '--subdir', 'DAGS_FOLDER/climate_extract_dag.py', '--cfg-path', '/tmp/tmpao95nz2r']
[2025-02-24T00:00:03.082+0000] {standard_task_runner.py:105} INFO - Job 72: Subtask extract_data
[2025-02-24T00:00:03.107+0000] {task_command.py:467} INFO - Running <TaskInstance: etl_climate.extract_data scheduled__2025-02-23T00:00:00+00:00 [running]> on host a5a513c5bb31
[2025-02-24T00:00:03.140+0000] {taskinstance.py:3132} INFO - Exporting env vars: AIRFLOW_CTX_DAG_OWNER='airflow' AIRFLOW_CTX_DAG_ID='etl_climate' AIRFLOW_CTX_TASK_ID='extract_data' AIRFLOW_CTX_EXECUTION_DATE='2025-02-23T00:00:00+00:00' AIRFLOW_CTX_TRY_NUMBER='1' AIRFLOW_CTX_DAG_RUN_ID='scheduled__2025-02-23T00:00:00+00:00'
[2025-02-24T00:00:03.141+0000] {taskinstance.py:731} INFO - ::endgroup::
[2025-02-24T00:00:03.174+0000] {docker.py:379} INFO - Starting docker container from image dbt_docker_image
[2025-02-24T00:00:05.943+0000] {docker.py:73} INFO - [0m00:00:05  Running with dbt=1.9.2
[2025-02-24T00:00:06.152+0000] {docker.py:73} INFO - [0m00:00:06  Registered adapter: duckdb=1.9.1
[2025-02-24T00:00:06.200+0000] {docker.py:73} INFO - [0m00:00:06  Unable to do partial parsing because saved manifest not found. Starting full parse.
[2025-02-24T00:00:07.263+0000] {docker.py:73} INFO - [0m00:00:07  Found 1 model, 1 seed, 19 data tests, 424 macros
[2025-02-24T00:00:07.264+0000] {docker.py:73} INFO - [0m00:00:07
[2025-02-24T00:00:07.264+0000] {docker.py:73} INFO - [0m00:00:07  Concurrency: 1 threads (target='dev')
[2025-02-24T00:00:07.264+0000] {docker.py:73} INFO - [0m00:00:07
[2025-02-24T00:00:09.227+0000] {docker.py:73} INFO - [0m00:00:09  1 of 1 START sql table model main.open_meteo_raw_data .......................... [RUN]
[2025-02-24T00:00:37.220+0000] {docker.py:73} INFO - [0m00:00:37  1 of 1 OK created sql table model main.open_meteo_raw_data ..................... [[32mOK[0m in 27.99s]
[2025-02-24T00:00:37.259+0000] {docker.py:73} INFO - [0m00:00:37
[2025-02-24T00:00:37.259+0000] {docker.py:73} INFO - [0m00:00:37  Finished running 1 table model in 0 hours 0 minutes and 29.99 seconds (29.99s).
[2025-02-24T00:00:37.316+0000] {docker.py:73} INFO - [0m00:00:37
[2025-02-24T00:00:37.316+0000] {docker.py:73} INFO - [0m00:00:37  [32mCompleted successfully[0m
[2025-02-24T00:00:37.317+0000] {docker.py:73} INFO - [0m00:00:37
[2025-02-24T00:00:37.317+0000] {docker.py:73} INFO - [0m00:00:37  Done. PASS=1 WARN=0 ERROR=0 SKIP=0 TOTAL=1
[2025-02-24T00:00:37.796+0000] {taskinstance.py:340} INFO - ::group::Post task execution logs
[2025-02-24T00:00:37.797+0000] {taskinstance.py:352} INFO - Marking task as SUCCESS. dag_id=etl_climate, task_id=extract_data, run_id=scheduled__2025-02-23T00:00:00+00:00, execution_date=20250223T000000, start_date=20250224T000003, end_date=20250224T000037
[2025-02-24T00:00:37.820+0000] {local_task_job_runner.py:266} INFO - Task exited with return code 0
[2025-02-24T00:00:37.828+0000] {taskinstance.py:3895} INFO - 1 downstream tasks scheduled from follow-on schedule check
[2025-02-24T00:00:37.830+0000] {local_task_job_runner.py:245} INFO - ::endgroup::
