[2025-02-15T01:30:45.287+0000] {local_task_job_runner.py:123} INFO - ::group::Pre task execution logs
[2025-02-15T01:30:45.294+0000] {taskinstance.py:2613} INFO - Dependencies all met for dep_context=non-requeueable deps ti=<TaskInstance: etl_climate.extract_data scheduled__2024-02-24T00:00:00+00:00 [queued]>
[2025-02-15T01:30:45.297+0000] {taskinstance.py:2613} INFO - Dependencies all met for dep_context=requeueable deps ti=<TaskInstance: etl_climate.extract_data scheduled__2024-02-24T00:00:00+00:00 [queued]>
[2025-02-15T01:30:45.298+0000] {taskinstance.py:2866} INFO - Starting attempt 1 of 1
[2025-02-15T01:30:45.309+0000] {taskinstance.py:2889} INFO - Executing <Task(DockerOperator): extract_data> on 2024-02-24 00:00:00+00:00
[2025-02-15T01:30:45.313+0000] {standard_task_runner.py:72} INFO - Started process 231 to run task
[2025-02-15T01:30:45.316+0000] {standard_task_runner.py:104} INFO - Running: ['airflow', 'tasks', 'run', 'etl_climate', 'extract_data', 'scheduled__2024-02-24T00:00:00+00:00', '--job-id', '13', '--raw', '--subdir', 'DAGS_FOLDER/climate_extract_dag.py', '--cfg-path', '/tmp/tmpqtyxmur0']
[2025-02-15T01:30:45.317+0000] {standard_task_runner.py:105} INFO - Job 13: Subtask extract_data
[2025-02-15T01:30:45.342+0000] {task_command.py:467} INFO - Running <TaskInstance: etl_climate.extract_data scheduled__2024-02-24T00:00:00+00:00 [running]> on host 4360a910c8ec
[2025-02-15T01:30:45.382+0000] {taskinstance.py:3132} INFO - Exporting env vars: AIRFLOW_CTX_DAG_OWNER='airflow' AIRFLOW_CTX_DAG_ID='etl_climate' AIRFLOW_CTX_TASK_ID='extract_data' AIRFLOW_CTX_EXECUTION_DATE='2024-02-24T00:00:00+00:00' AIRFLOW_CTX_TRY_NUMBER='1' AIRFLOW_CTX_DAG_RUN_ID='scheduled__2024-02-24T00:00:00+00:00'
[2025-02-15T01:30:45.383+0000] {taskinstance.py:731} INFO - ::endgroup::
[2025-02-15T01:30:45.410+0000] {docker.py:379} INFO - Starting docker container from image dbt_docker
[2025-02-15T01:30:45.418+0000] {docker.py:387} WARNING - Using remote engine or docker-in-docker and mounting temporary volume from host is not supported. Falling back to `mount_tmp_dir=False` mode. You can set `mount_tmp_dir` parameter to False to disable mounting and remove the warning
[2025-02-15T01:30:47.583+0000] {docker.py:73} INFO - [0m01:30:47  Running with dbt=1.9.2
[2025-02-15T01:30:47.773+0000] {docker.py:73} INFO - [0m01:30:47  Registered adapter: duckdb=1.9.1
[2025-02-15T01:30:47.823+0000] {docker.py:73} INFO - [0m01:30:47  Unable to do partial parsing because saved manifest not found. Starting full parse.
[2025-02-15T01:30:49.024+0000] {docker.py:73} INFO - [0m01:30:49  Found 2 models, 1 seed, 28 data tests, 424 macros
[2025-02-15T01:30:49.026+0000] {docker.py:73} INFO - [0m01:30:49
[2025-02-15T01:30:49.026+0000] {docker.py:73} INFO - [0m01:30:49  Concurrency: 1 threads (target='dev')
[2025-02-15T01:30:49.026+0000] {docker.py:73} INFO - [0m01:30:49
[2025-02-15T01:30:50.654+0000] {docker.py:73} INFO - [0m01:30:50  1 of 1 START sql table model main.open_meteo_raw_data .......................... [RUN]
[2025-02-15T01:31:17.332+0000] {docker.py:73} INFO - [0m01:31:17  1 of 1 OK created sql table model main.open_meteo_raw_data ..................... [[32mOK[0m in 26.67s]
[2025-02-15T01:31:17.384+0000] {docker.py:73} INFO - [0m01:31:17
[2025-02-15T01:31:17.384+0000] {docker.py:73} INFO - [0m01:31:17  Finished running 1 table model in 0 hours 0 minutes and 28.36 seconds (28.36s).
[2025-02-15T01:31:17.475+0000] {docker.py:73} INFO - [0m01:31:17
[2025-02-15T01:31:17.475+0000] {docker.py:73} INFO - [0m01:31:17  [32mCompleted successfully[0m
[2025-02-15T01:31:17.476+0000] {docker.py:73} INFO - [0m01:31:17
[2025-02-15T01:31:17.476+0000] {docker.py:73} INFO - [0m01:31:17  Done. PASS=1 WARN=0 ERROR=0 SKIP=0 TOTAL=1
[2025-02-15T01:31:17.960+0000] {taskinstance.py:340} INFO - ::group::Post task execution logs
[2025-02-15T01:31:17.961+0000] {taskinstance.py:352} INFO - Marking task as SUCCESS. dag_id=etl_climate, task_id=extract_data, run_id=scheduled__2024-02-24T00:00:00+00:00, execution_date=20240224T000000, start_date=20250215T013045, end_date=20250215T013117
[2025-02-15T01:31:18.003+0000] {local_task_job_runner.py:266} INFO - Task exited with return code 0
[2025-02-15T01:31:18.014+0000] {taskinstance.py:3895} INFO - 0 downstream tasks scheduled from follow-on schedule check
[2025-02-15T01:31:18.015+0000] {local_task_job_runner.py:245} INFO - ::endgroup::
