[2025-02-21T22:00:35.694+0000] {local_task_job_runner.py:123} INFO - ::group::Pre task execution logs
[2025-02-21T22:00:35.701+0000] {taskinstance.py:2613} INFO - Dependencies all met for dep_context=non-requeueable deps ti=<TaskInstance: etl_climate.extract_data manual__2025-02-21T22:00:31.710002+00:00 [queued]>
[2025-02-21T22:00:35.704+0000] {taskinstance.py:2613} INFO - Dependencies all met for dep_context=requeueable deps ti=<TaskInstance: etl_climate.extract_data manual__2025-02-21T22:00:31.710002+00:00 [queued]>
[2025-02-21T22:00:35.704+0000] {taskinstance.py:2866} INFO - Starting attempt 1 of 2
[2025-02-21T22:00:35.713+0000] {taskinstance.py:2889} INFO - Executing <Task(DockerOperator): extract_data> on 2025-02-21 22:00:31.710002+00:00
[2025-02-21T22:00:35.723+0000] {standard_task_runner.py:72} INFO - Started process 3328 to run task
[2025-02-21T22:00:35.727+0000] {standard_task_runner.py:104} INFO - Running: ['airflow', 'tasks', 'run', 'etl_climate', 'extract_data', 'manual__2025-02-21T22:00:31.710002+00:00', '--job-id', '62', '--raw', '--subdir', 'DAGS_FOLDER/climate_extract_dag.py', '--cfg-path', '/tmp/tmpnidbc1hy']
[2025-02-21T22:00:35.731+0000] {standard_task_runner.py:105} INFO - Job 62: Subtask extract_data
[2025-02-21T22:00:35.771+0000] {task_command.py:467} INFO - Running <TaskInstance: etl_climate.extract_data manual__2025-02-21T22:00:31.710002+00:00 [running]> on host 470d5c5e78db
[2025-02-21T22:00:35.820+0000] {taskinstance.py:3132} INFO - Exporting env vars: AIRFLOW_CTX_DAG_OWNER='airflow' AIRFLOW_CTX_DAG_ID='etl_climate' AIRFLOW_CTX_TASK_ID='extract_data' AIRFLOW_CTX_EXECUTION_DATE='2025-02-21T22:00:31.710002+00:00' AIRFLOW_CTX_TRY_NUMBER='1' AIRFLOW_CTX_DAG_RUN_ID='manual__2025-02-21T22:00:31.710002+00:00'
[2025-02-21T22:00:35.821+0000] {taskinstance.py:731} INFO - ::endgroup::
[2025-02-21T22:00:35.892+0000] {docker.py:379} INFO - Starting docker container from image dbt_docker_image
[2025-02-21T22:00:39.381+0000] {docker.py:73} INFO - [0m22:00:39  Running with dbt=1.9.2
[2025-02-21T22:00:39.673+0000] {docker.py:73} INFO - [0m22:00:39  Registered adapter: duckdb=1.9.1
[2025-02-21T22:00:39.747+0000] {docker.py:73} INFO - [0m22:00:39  Unable to do partial parsing because saved manifest not found. Starting full parse.
[2025-02-21T22:00:40.918+0000] {docker.py:73} INFO - [0m22:00:40  Found 1 model, 1 seed, 19 data tests, 424 macros
[2025-02-21T22:00:40.919+0000] {docker.py:73} INFO - [0m22:00:40
[2025-02-21T22:00:40.920+0000] {docker.py:73} INFO - [0m22:00:40  Concurrency: 1 threads (target='dev')
[2025-02-21T22:00:40.920+0000] {docker.py:73} INFO - [0m22:00:40
[2025-02-21T22:00:43.417+0000] {docker.py:73} INFO - [0m22:00:43  1 of 1 START sql table model main.open_meteo_raw_data .......................... [RUN]
[2025-02-21T22:01:10.521+0000] {docker.py:73} INFO - [0m22:01:10  1 of 1 OK created sql table model main.open_meteo_raw_data ..................... [[32mOK[0m in 27.09s]
[2025-02-21T22:01:10.590+0000] {docker.py:73} INFO - [0m22:01:10
[2025-02-21T22:01:10.590+0000] {docker.py:73} INFO - [0m22:01:10  Finished running 1 table model in 0 hours 0 minutes and 29.67 seconds (29.67s).
[2025-02-21T22:01:10.685+0000] {docker.py:73} INFO - [0m22:01:10
[2025-02-21T22:01:10.686+0000] {docker.py:73} INFO - [0m22:01:10  [32mCompleted successfully[0m
[2025-02-21T22:01:10.689+0000] {docker.py:73} INFO - [0m22:01:10
[2025-02-21T22:01:10.690+0000] {docker.py:73} INFO - [0m22:01:10  Done. PASS=1 WARN=0 ERROR=0 SKIP=0 TOTAL=1
[2025-02-21T22:01:11.400+0000] {taskinstance.py:340} INFO - ::group::Post task execution logs
[2025-02-21T22:01:11.401+0000] {taskinstance.py:352} INFO - Marking task as SUCCESS. dag_id=etl_climate, task_id=extract_data, run_id=manual__2025-02-21T22:00:31.710002+00:00, execution_date=20250221T220031, start_date=20250221T220035, end_date=20250221T220111
[2025-02-21T22:01:11.426+0000] {local_task_job_runner.py:266} INFO - Task exited with return code 0
[2025-02-21T22:01:11.441+0000] {taskinstance.py:3895} INFO - 1 downstream tasks scheduled from follow-on schedule check
[2025-02-21T22:01:11.443+0000] {local_task_job_runner.py:245} INFO - ::endgroup::
